<?xml version="1.0" encoding="UTF-8"?>
<testsuite xmlns:xsi="http://www.w3.org/2001/XMLSchema-instance" xsi:noNamespaceSchemaLocation="https://maven.apache.org/surefire/maven-surefire-plugin/xsd/surefire-test-report-3.0.xsd" version="3.0" name="com.iiht.service.HelloserviceApplicationTests" time="3.842" tests="1" errors="0" skipped="0" failures="0">
  <properties>
[...]
</properties>
  <testcase name="contextLoads" classname="com.iiht.service.HelloserviceApplicationTests" time="1.069">
    <system-out><![CDATA[12:40:18.830 [main] INFO org.springframework.test.context.support.AnnotationConfigContextLoaderUtils -- Could not detect default configuration classes for test class [com.iiht.service.HelloserviceApplicationTests]: HelloserviceApplicationTests does not declare any static, non-private, non-final, nested classes annotated with @Configuration.
12:40:18.989 [main] INFO org.springframework.boot.test.context.SpringBootTestContextBootstrapper -- Found @SpringBootConfiguration com.iiht.service.HelloserviceApplication for test class com.iiht.service.HelloserviceApplicationTests
12:40:19.192 [main] INFO org.springframework.boot.devtools.restart.RestartApplicationListener -- Restart disabled due to context in which it is running

  .   ____          _            __ _ _
 /\\ / ___'_ __ _ _(_)_ __  __ _ \ \ \ \
( ( )\___ | '_ | '_| | '_ \/ _` | \ \ \ \
 \\/  ___)| |_)| | | | | || (_| |  ) ) ) )
  '  |____| .__|_| |_|_| |_\__, | / / / /
 =========|_|==============|___/=/_/_/_/

 :: Spring Boot ::                (v3.3.2)

2024-07-30T12:40:19.746+05:30  INFO 1924 --- [helloservice] [           main] c.i.s.HelloserviceApplicationTests       : Starting HelloserviceApplicationTests using Java 22.0.2 with PID 1924 (started by Administrator in C:\Users\Administrator\Downloads\helloservice)
2024-07-30T12:40:19.748+05:30  INFO 1924 --- [helloservice] [           main] c.i.s.HelloserviceApplicationTests       : No active profile set, falling back to 1 default profile: "default"
2024-07-30T12:40:21.336+05:30  INFO 1924 --- [helloservice] [           main] c.i.s.HelloserviceApplicationTests       : Started HelloserviceApplicationTests in 2.163 seconds (process running for 3.525)
]]></system-out>
    <system-err><![CDATA[WARNING: A Java agent has been loaded dynamically (C:\Users\Administrator\.m2\repository\net\bytebuddy\byte-buddy-agent\1.14.18\byte-buddy-agent-1.14.18.jar)
WARNING: If a serviceability tool is in use, please run with -XX:+EnableDynamicAgentLoading to hide this warning
WARNING: If a serviceability tool is not in use, please run with -Djdk.instrument.traceUsage for more information
WARNING: Dynamic loading of agents will be disallowed by default in a future release
]]></system-err>
  </testcase>
</testsuite>